c:\users\stasi\source\repos\alquerque\alquerque\x64\debug\vc143.pdb
c:\users\stasi\source\repos\alquerque\alquerque\x64\debug\vc143.idb
c:\users\stasi\source\repos\alquerque\alquerque\x64\debug\scoreboard.obj
c:\users\stasi\source\repos\alquerque\alquerque\x64\debug\player.obj
c:\users\stasi\source\repos\alquerque\alquerque\x64\debug\board.obj
c:\users\stasi\source\repos\alquerque\alquerque\x64\debug\main.obj
c:\users\stasi\source\repos\alquerque\alquerque\x64\debug\gamebrain.obj
c:\users\stasi\source\repos\alquerque\alquerque\x64\debug\game.obj
c:\users\stasi\source\repos\alquerque\alquerque\x64\debug\ai.obj
c:\users\stasi\source\repos\alquerque\x64\debug\alquerque.exe
c:\users\stasi\source\repos\alquerque\alquerque\x64\debug\alquerque.ilk
c:\users\stasi\source\repos\alquerque\x64\debug\alquerque.pdb
c:\users\stasi\source\repos\alquerque\alquerque\x64\debug\game.obj.enc
c:\users\stasi\source\repos\alquerque\alquerque\x64\debug\gamebrain.obj.enc
c:\users\stasi\source\repos\alquerque\alquerque\x64\debug\alquerque.tlog\cl.command.1.tlog
c:\users\stasi\source\repos\alquerque\alquerque\x64\debug\alquerque.tlog\cl.read.1.tlog
c:\users\stasi\source\repos\alquerque\alquerque\x64\debug\alquerque.tlog\cl.write.1.tlog
c:\users\stasi\source\repos\alquerque\alquerque\x64\debug\alquerque.tlog\link.command.1.tlog
c:\users\stasi\source\repos\alquerque\alquerque\x64\debug\alquerque.tlog\link.read.1.tlog
c:\users\stasi\source\repos\alquerque\alquerque\x64\debug\alquerque.tlog\link.write.1.tlog
